[+] Containers:
 |- [+] Container: /Game/ThirdPerson/Maps/ThirdPersonMap
 |   |- [+] ActorDescs:
 |   |   |- Guid:05075B634DDE807F2ABD96B66363479C BaseClass: NativeClass:/Script/Engine.StaticMeshActor Name:StaticMeshActor_UAID_A8A1595BE53E33C001_2052354915 Label:tgdtfg0da_LOD7 SpatiallyLoaded:1 Bounds:IsValid=true, Min=(X=2845.809 Y=-1212.016 Z=-42.046), Max=(X=5397.957 Y=1910.853 Z=1015.456) RuntimeGrid:None EditorOnly:0 RuntimeOnly:0 HLODRelevant:1 ListedInSceneOutliner:1 IsMainWorldOnly:0
 |   |   |- Guid:05BE93EA4888578352057FB1EDF12D6C BaseClass: NativeClass:/Script/Engine.StaticMeshActor Name:StaticMeshActor_UAID_A8A1595BE53E32C001_2143339715 Label:tdcnfcdr_Var4_LOD0 SpatiallyLoaded:1 Bounds:IsValid=true, Min=(X=640.986 Y=1704.217 Z=-3.641), Max=(X=733.042 Y=1793.369 Z=148.983) RuntimeGrid:None EditorOnly:0 RuntimeOnly:0 HLODRelevant:1 ListedInSceneOutliner:1 IsMainWorldOnly:0
 |   |   |- Guid:111E981645A0A6ED26737683B7CCF2EF BaseClass: NativeClass:/Script/Engine.StaticMeshActor Name:StaticMeshActor_UAID_A8A1595BE53E33C001_2144174918 Label:texcdfcda_LOD2 SpatiallyLoaded:1 Bounds:IsValid=true, Min=(X=4928.123 Y=2383.925 Z=47.267), Max=(X=5164.228 Y=2653.722 Z=216.359) RuntimeGrid:None EditorOnly:0 RuntimeOnly:0 HLODRelevant:1 ListedInSceneOutliner:1 IsMainWorldOnly:0
 |   |   |- Guid:15FBA13C40CAC8D67C51BEB67B27D823 BaseClass: NativeClass:/Script/Engine.StaticMeshActor Name:StaticMeshActor_UAID_A8A1595BE53E32C001_2139885713 Label:tdcnfcdr_Var2_LOD0 SpatiallyLoaded:1 Bounds:IsValid=true, Min=(X=1527.130 Y=223.019 Z=-7.980), Max=(X=1668.146 Y=378.697 Z=126.148) RuntimeGrid:None EditorOnly:0 RuntimeOnly:0 HLODRelevant:1 ListedInSceneOutliner:1 IsMainWorldOnly:0
 |   |   |- Guid:174DF71143EA367D14F3838C26CC06DF BaseClass: NativeClass:/Script/Engine.SkyLight Name:SkyLight_0 Label:SkyLight SpatiallyLoaded:0 Bounds:IsValid=true, Min=(X=0.000 Y=0.000 Z=690.000), Max=(X=0.000 Y=0.000 Z=690.000) RuntimeGrid:None EditorOnly:0 RuntimeOnly:0 HLODRelevant:0 ListedInSceneOutliner:1 IsMainWorldOnly:0 FolderPath:Lighting FolderGuid:08A10B054C95868C663DE39EE4343813
 |   |   |- Guid:184C0AB3425D796A4DA5438C21720AA2 BaseClass: NativeClass:/Script/Engine.StaticMeshActor Name:StaticMeshActor_UAID_A8A1595BE53E33C001_1168224898 Label:texcdfcda_LOD0 SpatiallyLoaded:1 Bounds:IsValid=true, Min=(X=4767.899 Y=2185.990 Z=-43.001), Max=(X=5094.299 Y=2502.961 Z=193.866) RuntimeGrid:None EditorOnly:0 RuntimeOnly:0 HLODRelevant:1 ListedInSceneOutliner:1 IsMainWorldOnly:0
 |   |   |- Guid:243A2084428544D88534E990D8BA5B83 BaseClass: NativeClass:/Script/Engine.StaticMeshActor Name:StaticMeshActor_38 Label:SM_Cube4 SpatiallyLoaded:1 Bounds:IsValid=true, Min=(X=1200.000 Y=1700.000 Z=0.000), Max=(X=1800.000 Y=2200.000 Z=200.000) RuntimeGrid:None EditorOnly:0 RuntimeOnly:0 HLODRelevant:1 ListedInSceneOutliner:1 IsMainWorldOnly:0 FolderPath:Block01 FolderGuid:98087B8444A89373CC4763B3845E270A
 |   |   |- Guid:2642C46F4B46F2CCE4D9CD8D4CC4C8EE BaseClass: NativeClass:/Script/Engine.StaticMeshActor Name:StaticMeshActor_UAID_A8A1595BE53E33C001_1380933902 Label:tdcnfcdr_Var2_LOD1 SpatiallyLoaded:1 Bounds:IsValid=true, Min=(X=2014.337 Y=1493.660 Z=-7.980), Max=(X=2155.353 Y=1649.338 Z=126.148) RuntimeGrid:None EditorOnly:0 RuntimeOnly:0 HLODRelevant:1 ListedInSceneOutliner:1 IsMainWorldOnly:0
 |   |   |- Guid:2B2C6F9A4156010E0821348D2766A804 BaseClass: NativeClass:/Script/Engine.StaticMeshActor Name:StaticMeshActor_UAID_A8A1595BE53E32C001_2144380716 Label:tdcnfcdr_Var5_LOD0 SpatiallyLoaded:1 Bounds:IsValid=true, Min=(X=981.464 Y=2266.449 Z=-2.057), Max=(X=1052.163 Y=2335.795 Z=48.510) RuntimeGrid:None EditorOnly:0 RuntimeOnly:0 HLODRelevant:1 ListedInSceneOutliner:1 IsMainWorldOnly:0
 |   |   |- Guid:2E5C148241160B5E4A0504BB97EFF825 BaseClass: NativeClass:/Script/Engine.SkeletalMeshActor Name:SkeletalMeshActor_UAID_A8A1595BE53EE9BF01_1813370884 Label:SK_SawSword_PhysicsAsset SpatiallyLoaded:1 Bounds:IsValid=true, Min=(X=1370.000 Y=1850.000 Z=200.000), Max=(X=1370.000 Y=1850.000 Z=200.000) RuntimeGrid:None EditorOnly:0 RuntimeOnly:0 HLODRelevant:0 ListedInSceneOutliner:1 IsMainWorldOnly:0
 |   |   |- Guid:3371FAA54DDEC181BBDD93B0FD43CBC5 BaseClass: NativeClass:/Script/Engine.StaticMeshActor Name:StaticMeshActor_UAID_A8A1595BE53E33C001_1114229895 Label:slumj_LOD0 SpatiallyLoaded:1 Bounds:IsValid=true, Min=(X=3014.604 Y=692.343 Z=-2.835), Max=(X=3289.092 Y=972.957 Z=201.821) RuntimeGrid:None EditorOnly:0 RuntimeOnly:0 HLODRelevant:1 ListedInSceneOutliner:1 IsMainWorldOnly:0
 |   |   |- Guid:3711DB26407E74816AE0F5811A2A61EE BaseClass: NativeClass:/Script/Engine.SkeletalMeshActor Name:SkeletalMeshActor_UAID_A8A1595BE53E16C001_1156519785 Label:CR_Manny SpatiallyLoaded:1 Bounds:IsValid=true, Min=(X=1425.757 Y=1876.258 Z=199.921), Max=(X=1542.763 Y=1919.533 Z=380.918) RuntimeGrid:None EditorOnly:0 RuntimeOnly:0 HLODRelevant:0 ListedInSceneOutliner:1 IsMainWorldOnly:0
 |   |   |- Guid:3F05E489408938985B998EAC01AB7E6D BaseClass: NativeClass:/Script/Engine.StaticMeshActor Name:StaticMeshActor_UAID_A8A1595BE53E34C001_1090158095 Label:texcdfcda_LOD3 SpatiallyLoaded:1 Bounds:IsValid=true, Min=(X=4855.051 Y=2010.223 Z=-2.521), Max=(X=5008.051 Y=2165.454 Z=196.889) RuntimeGrid:None EditorOnly:0 RuntimeOnly:0 HLODRelevant:1 ListedInSceneOutliner:1 IsMainWorldOnly:0
 |   |   |- Guid:3FFE5115416F90AAF029A0B282B5889A BaseClass: NativeClass:/Script/Engine.StaticMeshActor Name:StaticMeshActor_UAID_A8A1595BE53E34C001_1351951096 Label:slumj_LOD1 SpatiallyLoaded:1 Bounds:IsValid=true, Min=(X=4663.790 Y=2407.125 Z=-9.082), Max=(X=4808.574 Y=2550.535 Z=162.564) RuntimeGrid:None EditorOnly:0 RuntimeOnly:0 HLODRelevant:1 ListedInSceneOutliner:1 IsMainWorldOnly:0
 |   |   |- Guid:47ED239A495F1C273460FDA17497B578 BaseClass: NativeClass:/Script/Engine.StaticMeshActor Name:StaticMeshActor_UAID_A8A1595BE53E33C001_1080152894 Label:tfvjabqpa_LOD0 SpatiallyLoaded:1 Bounds:IsValid=true, Min=(X=595.082 Y=108.283 Z=-5.106), Max=(X=823.300 Y=129.111 Z=98.627) RuntimeGrid:None EditorOnly:0 RuntimeOnly:0 HLODRelevant:1 ListedInSceneOutliner:1 IsMainWorldOnly:0
 |   |   |- Guid:4BDF73FA49544236E3DBFFA0A311DAC2 BaseClass: NativeClass:/Script/Engine.StaticMeshActor Name:StaticMeshActor_UAID_A8A1595BE53E33C001_2128175917 Label:texcdfcda_LOD1 SpatiallyLoaded:1 Bounds:IsValid=true, Min=(X=4827.473 Y=1983.039 Z=135.202), Max=(X=5113.073 Y=2309.138 Z=265.773) RuntimeGrid:None EditorOnly:0 RuntimeOnly:0 HLODRelevant:1 ListedInSceneOutliner:1 IsMainWorldOnly:0
 |   |   |- Guid:4F7B735A44E12B4B031927A9FC21C460 BaseClass: NativeClass:/Script/Engine.VolumetricCloud Name:VolumetricCloud_1 Label:VolumetricCloud SpatiallyLoaded:0 Bounds:IsValid=true, Min=(X=0.000 Y=0.000 Z=820.000), Max=(X=0.000 Y=0.000 Z=820.000) RuntimeGrid:None EditorOnly:0 RuntimeOnly:0 HLODRelevant:0 ListedInSceneOutliner:1 IsMainWorldOnly:0 FolderPath:Lighting FolderGuid:08A10B054C95868C663DE39EE4343813
 |   |   |- Guid:5C7C5C40408F48C386D06CA03AB130C2 BaseClass: NativeClass:/Script/Engine.StaticMeshActor Name:StaticMeshActor_UAID_A4AE111137DC5EFB00_1594956423 Label:SM_SkySphere SpatiallyLoaded:0 Bounds:IsValid=true, Min=(X=-1638400.000 Y=-1638400.000 Z=-1638400.000), Max=(X=1638400.000 Y=1638400.000 Z=1638400.000) RuntimeGrid:None EditorOnly:0 RuntimeOnly:0 HLODRelevant:1 ListedInSceneOutliner:1 IsMainWorldOnly:0 FolderPath:Lighting FolderGuid:08A10B054C95868C663DE39EE4343813
 |   |   |- Guid:6140047C4BD4E969CF4058A04ABD3302 BaseClass: NativeClass:/Script/Engine.SkeletalMeshActor Name:SkeletalMeshActor_UAID_A8A1595BE53EE9BF01_1813338883 Label:SK_SawSword SpatiallyLoaded:1 Bounds:IsValid=true, Min=(X=1370.000 Y=1850.000 Z=200.000), Max=(X=1370.000 Y=1850.000 Z=200.000) RuntimeGrid:None EditorOnly:0 RuntimeOnly:0 HLODRelevant:0 ListedInSceneOutliner:1 IsMainWorldOnly:0
 |   |   |- Guid:6F699A7441945B037D594291578B5D08 BaseClass: NativeClass:/Script/Engine.StaticMeshActor Name:StaticMeshActor_UAID_A8A1595BE53E33C001_1936231910 Label:tgdtfg0da_LOD2 SpatiallyLoaded:1 Bounds:IsValid=true, Min=(X=-2897.808 Y=-1378.040 Z=-77.623), Max=(X=717.757 Y=2448.618 Z=1874.689) RuntimeGrid:None EditorOnly:0 RuntimeOnly:0 HLODRelevant:1 ListedInSceneOutliner:1 IsMainWorldOnly:0
 |   |   |- Guid:6F86C30C4E283FDB9823329E24770EFB BaseClass: NativeClass:/Script/Engine.StaticMeshActor Name:StaticMeshActor_UAID_A8A1595BE53E33C001_1378989900 Label:tdcnfcdr_Var4_LOD1 SpatiallyLoaded:1 Bounds:IsValid=true, Min=(X=1406.077 Y=1203.130 Z=-3.641), Max=(X=1498.133 Y=1292.282 Z=148.983) RuntimeGrid:None EditorOnly:0 RuntimeOnly:0 HLODRelevant:1 ListedInSceneOutliner:1 IsMainWorldOnly:0
 |   |   |- Guid:70075CF240AE30F63ED01DA3071E06DB BaseClass: NativeClass:/Script/LevelSequence.LevelSequenceActor Name:LevelSequenceActor_UAID_A8A1595BE53E16C001_1156748786 Label:CR_Manny_Take1 SpatiallyLoaded:0 Bounds:IsValid=true, Min=(X=0.000 Y=0.000 Z=0.000), Max=(X=0.000 Y=0.000 Z=0.000) RuntimeGrid:None EditorOnly:0 RuntimeOnly:0 HLODRelevant:0 ListedInSceneOutliner:1 IsMainWorldOnly:0
 |   |   |- Guid:75C14EAB4126B29A886E0E9FA72A3DA9 BaseClass: NativeClass:/Script/Engine.StaticMeshActor Name:StaticMeshActor_UAID_A8A1595BE53E32C001_2134283712 Label:tdcnfcdr_Var1_LOD0 SpatiallyLoaded:1 Bounds:IsValid=true, Min=(X=995.315 Y=376.522 Z=-10.133), Max=(X=1182.261 Y=545.766 Z=153.115) RuntimeGrid:None EditorOnly:0 RuntimeOnly:0 HLODRelevant:1 ListedInSceneOutliner:1 IsMainWorldOnly:0
 |   |   |- Guid:788903924598EC8109F9709A8AB41C0D BaseClass: NativeClass:/Script/Engine.WorldDataLayers Name:WorldDataLayers Label:WorldDataLayers-1 SpatiallyLoaded:0 Bounds:IsValid=true, Min=(X=0.000 Y=0.000 Z=0.000), Max=(X=0.000 Y=0.000 Z=0.000) RuntimeGrid:None EditorOnly:0 RuntimeOnly:0 HLODRelevant:0 ListedInSceneOutliner:1 IsMainWorldOnly:1
 |   |   |- Guid:81BE4B3F4E611F77212F9E9C16371B47 BaseClass: NativeClass:/Script/Engine.StaticMeshActor Name:StaticMeshActor_UAID_A8A1595BE53E32C001_2141503714 Label:tdcnfcdr_Var3_LOD0 SpatiallyLoaded:1 Bounds:IsValid=true, Min=(X=2138.628 Y=491.691 Z=-5.917), Max=(X=2282.852 Y=635.959 Z=112.531) RuntimeGrid:None EditorOnly:0 RuntimeOnly:0 HLODRelevant:1 ListedInSceneOutliner:1 IsMainWorldOnly:0
 |   |   |- Guid:899F9536419E4C83D3B31D8093F352CE BaseClass: NativeClass:/Script/Engine.StaticMeshActor Name:StaticMeshActor_UAID_A8A1595BE53E33C001_1384301906 Label:tdcnfcdr_Var2_LOD2 SpatiallyLoaded:1 Bounds:IsValid=true, Min=(X=654.764 Y=706.525 Z=-7.981), Max=(X=795.780 Y=862.203 Z=126.148) RuntimeGrid:None EditorOnly:0 RuntimeOnly:0 HLODRelevant:1 ListedInSceneOutliner:1 IsMainWorldOnly:0
 |   |   |- Guid:8ED877F64A8BE39EB30424AC39309A20 BaseClass: NativeClass:/Script/Engine.StaticMeshActor Name:StaticMeshActor_UAID_A8A1595BE53E33C001_1382717904 Label:tdcnfcdr_Var5_LOD1 SpatiallyLoaded:1 Bounds:IsValid=true, Min=(X=1244.507 Y=857.321 Z=-2.057), Max=(X=1315.206 Y=926.666 Z=48.510) RuntimeGrid:None EditorOnly:0 RuntimeOnly:0 HLODRelevant:1 ListedInSceneOutliner:1 IsMainWorldOnly:0
 |   |   |- Guid:8FAC84C348A6EFC04601638BDADEABA5 BaseClass: NativeClass:/Script/Engine.StaticMeshActor Name:StaticMeshActor_UAID_A8A1595BE53E33C001_2020418913 Label:tgdtfg0da_LOD5 SpatiallyLoaded:1 Bounds:IsValid=true, Min=(X=-453.716 Y=3099.051 Z=-95.412), Max=(X=4521.948 Y=5544.808 Z=2304.305) RuntimeGrid:None EditorOnly:0 RuntimeOnly:0 HLODRelevant:1 ListedInSceneOutliner:1 IsMainWorldOnly:0
 |   |   |- Guid:9D1836F84CDCD9A6EA116B833292AF47 BaseClass: NativeClass:/Script/Engine.StaticMeshActor Name:StaticMeshActor_UAID_A8A1595BE53E33C001_1962501911 Label:tgdtfg0da_LOD3 SpatiallyLoaded:1 Bounds:IsValid=true, Min=(X=-3865.907 Y=-236.564 Z=-54.174), Max=(X=279.614 Y=4433.110 Z=1308.377) RuntimeGrid:None EditorOnly:0 RuntimeOnly:0 HLODRelevant:1 ListedInSceneOutliner:1 IsMainWorldOnly:0
 |   |   |- Guid:9FFE6665469AE829D82050A8B1F67178 BaseClass: NativeClass:/Script/Engine.DirectionalLight Name:DirectionalLight_1 Label:DirectionalLight SpatiallyLoaded:0 Bounds:IsValid=true, Min=(X=-1048576.000 Y=-1048576.000 Z=-1048576.000), Max=(X=1048576.000 Y=1048576.000 Z=1048576.000) RuntimeGrid:None EditorOnly:0 RuntimeOnly:0 HLODRelevant:0 ListedInSceneOutliner:1 IsMainWorldOnly:0 FolderPath:Lighting FolderGuid:08A10B054C95868C663DE39EE4343813
 |   |   |- Guid:A1D438654EF55FE0CE317AA2766C19CD BaseClass: NativeClass:/Script/Engine.StaticMeshActor Name:StaticMeshActor_UAID_A8A1595BE53E33C001_2037804914 Label:tgdtfg0da_LOD6 SpatiallyLoaded:1 Bounds:IsValid=true, Min=(X=2282.135 Y=2036.986 Z=-72.367), Max=(X=5967.520 Y=5247.840 Z=1747.757) RuntimeGrid:None EditorOnly:0 RuntimeOnly:0 HLODRelevant:1 ListedInSceneOutliner:1 IsMainWorldOnly:0
 |   |   |- Guid:A85A7AD046A0462D176E6889992C1216 BaseClass: NativeClass:/Script/Engine.PostProcessVolume Name:PostProcessVolume_0 Label:PostProcessVolume SpatiallyLoaded:0 Bounds:IsValid=true, Min=(X=0.000 Y=0.000 Z=400.000), Max=(X=200.000 Y=200.000 Z=600.000) RuntimeGrid:None EditorOnly:0 RuntimeOnly:0 HLODRelevant:0 ListedInSceneOutliner:1 IsMainWorldOnly:0 FolderPath:Lighting FolderGuid:08A10B054C95868C663DE39EE4343813
 |   |   |- Guid:AE058EC24EC5CC9C8C14F7ACDDB4B205 BaseClass: NativeClass:/Script/Engine.StaticMeshActor Name:StaticMeshActor_UAID_A8A1595BE53E32C001_2145979717 Label:tdcnfcdr_Var1_LOD1 SpatiallyLoaded:1 Bounds:IsValid=true, Min=(X=338.904 Y=431.010 Z=-10.133), Max=(X=525.850 Y=600.254 Z=153.115) RuntimeGrid:None EditorOnly:0 RuntimeOnly:0 HLODRelevant:1 ListedInSceneOutliner:1 IsMainWorldOnly:0
 |   |   |- Guid:AE3506C148E8E21696F506B84E140E92 BaseClass: NativeClass:/Script/Engine.StaticMeshActor Name:StaticMeshActor_UAID_A8A1595BE53E33C001_1381916903 Label:tdcnfcdr_Var3_LOD1 SpatiallyLoaded:1 Bounds:IsValid=true, Min=(X=2187.814 Y=1120.989 Z=-5.917), Max=(X=2332.038 Y=1265.256 Z=112.531) RuntimeGrid:None EditorOnly:0 RuntimeOnly:0 HLODRelevant:1 ListedInSceneOutliner:1 IsMainWorldOnly:0
 |   |   |- Guid:B23C247D4E34A96052E563A19E79FA75 BaseClass: NativeClass:/Script/Engine.ExponentialHeightFog Name:ExponentialHeightFog_1 Label:ExponentialHeightFog SpatiallyLoaded:0 Bounds:IsValid=true, Min=(X=-5600.000 Y=-50.000 Z=-6850.000), Max=(X=-5600.000 Y=-50.000 Z=-6850.000) RuntimeGrid:None EditorOnly:0 RuntimeOnly:0 HLODRelevant:0 ListedInSceneOutliner:1 IsMainWorldOnly:0 FolderPath:Lighting FolderGuid:08A10B054C95868C663DE39EE4343813
 |   |   |- Guid:B6792AC14EB8E5EB1766639CC4417529 BaseClass: NativeClass:/Script/Engine.StaticMeshActor Name:StaticMeshActor_UAID_A8A1595BE53E33C001_1383428905 Label:tdcnfcdr_Var1_LOD3 SpatiallyLoaded:1 Bounds:IsValid=true, Min=(X=538.042 Y=1266.616 Z=-10.133), Max=(X=724.988 Y=1435.859 Z=153.115) RuntimeGrid:None EditorOnly:0 RuntimeOnly:0 HLODRelevant:1 ListedInSceneOutliner:1 IsMainWorldOnly:0
 |   |   |- Guid:BD430F5245E33ECC56F7628FBABC5D84 BaseClass: NativeClass:/Script/Engine.StaticMeshActor Name:StaticMeshActor_33 Label:SM_Cube SpatiallyLoaded:1 Bounds:IsValid=true, Min=(X=-561.110 Y=0.000 Z=-50.000), Max=(X=5938.890 Y=4280.000 Z=0.000) RuntimeGrid:None EditorOnly:0 RuntimeOnly:0 HLODRelevant:1 ListedInSceneOutliner:1 IsMainWorldOnly:0 FolderPath:Playground FolderGuid:8CD33C9A4E75AD59B95486AC740693D6
 |   |   |- Guid:C71AA55B4B21D14666C2AFB00D13F4FD BaseClass: NativeClass:/Script/Engine.StaticMeshActor Name:StaticMeshActor_UAID_A8A1595BE53E33C001_2078131916 Label:tgdtfg0da_LOD8 SpatiallyLoaded:1 Bounds:IsValid=true, Min=(X=3817.936 Y=82.099 Z=-63.877), Max=(X=6205.676 Y=2449.645 Z=1542.713) RuntimeGrid:None EditorOnly:0 RuntimeOnly:0 HLODRelevant:1 ListedInSceneOutliner:1 IsMainWorldOnly:0
 |   |   |- Guid:C726A3284B806D4C379405885740B688 BaseClass: NativeClass:/Script/Engine.PlayerStart Name:PlayerStart_0 Label:PlayerStart SpatiallyLoaded:0 Bounds:IsValid=true, Min=(X=860.000 Y=1070.000 Z=0.013), Max=(X=940.000 Y=1150.000 Z=184.013) RuntimeGrid:None EditorOnly:0 RuntimeOnly:0 HLODRelevant:0 ListedInSceneOutliner:1 IsMainWorldOnly:0
 |   |   |- Guid:DEEAFA524D3B0F46118BE3866BD1B2A9 BaseClass: NativeClass:/Script/Engine.StaticMeshActor Name:StaticMeshActor_UAID_A8A1595BE53E33C001_2007359912 Label:tgdtfg0da_LOD4 SpatiallyLoaded:1 Bounds:IsValid=true, Min=(X=-3673.557 Y=1222.462 Z=-54.174), Max=(X=2569.779 Y=7432.325 Z=1308.377) RuntimeGrid:None EditorOnly:0 RuntimeOnly:0 HLODRelevant:1 ListedInSceneOutliner:1 IsMainWorldOnly:0
 |   |   |- Guid:DEF0F112427B2AFB819D2FAB5CCCAE7A BaseClass: NativeClass:/Script/Engine.StaticMeshActor Name:StaticMeshActor_UAID_A8A1595BE53E33C001_1171692899 Label:tgdtfg0da_LOD0 SpatiallyLoaded:1 Bounds:IsValid=true, Min=(X=1068.052 Y=-1690.697 Z=-49.727), Max=(X=4645.052 Y=550.005 Z=1200.972) RuntimeGrid:None EditorOnly:0 RuntimeOnly:0 HLODRelevant:1 ListedInSceneOutliner:1 IsMainWorldOnly:0
 |   |   |- Guid:E7C88B004DFFF4BE08155AB223A0EF2C BaseClass: NativeClass:/Script/Engine.SkyAtmosphere Name:SkyAtmosphere_1 Label:SkyAtmosphere SpatiallyLoaded:0 Bounds:IsValid=true, Min=(X=0.000 Y=0.000 Z=1020.000), Max=(X=0.000 Y=0.000 Z=1020.000) RuntimeGrid:None EditorOnly:0 RuntimeOnly:0 HLODRelevant:0 ListedInSceneOutliner:1 IsMainWorldOnly:0 FolderPath:Lighting FolderGuid:08A10B054C95868C663DE39EE4343813
 |   |   |- Guid:FED7BE8340003B6E227DF48D67A932C3 BaseClass: NativeClass:/Script/Engine.StaticMeshActor Name:StaticMeshActor_UAID_A8A1595BE53E33C001_1380099901 Label:tdcnfcdr_Var1_LOD2 SpatiallyLoaded:1 Bounds:IsValid=true, Min=(X=1737.811 Y=826.876 Z=-10.133), Max=(X=1924.757 Y=996.120 Z=153.115) RuntimeGrid:None EditorOnly:0 RuntimeOnly:0 HLODRelevant:1 ListedInSceneOutliner:1 IsMainWorldOnly:0
 |   |   |- Guid:FFCA331744BAD912BF52ECA5606F35CC BaseClass: NativeClass:/Script/Engine.StaticMeshActor Name:StaticMeshActor_UAID_A8A1595BE53E33C001_1926618909 Label:tgdtfg0da_LOD1 SpatiallyLoaded:1 Bounds:IsValid=true, Min=(X=-2330.775 Y=-2453.253 Z=-77.623), Max=(X=3341.205 Y=818.622 Z=1874.689) RuntimeGrid:None EditorOnly:0 RuntimeOnly:0 HLODRelevant:1 ListedInSceneOutliner:1 IsMainWorldOnly:0
 |   |- [+] Clusters:
 |   |   |- [+] [  0]
 |   |   |   |- Guid:05075B634DDE807F2ABD96B66363479C BaseClass: NativeClass:/Script/Engine.StaticMeshActor Name:StaticMeshActor_UAID_A8A1595BE53E33C001_2052354915 Label:tgdtfg0da_LOD7 SpatiallyLoaded:1 Bounds:IsValid=true, Min=(X=2845.809 Y=-1212.016 Z=-42.046), Max=(X=5397.957 Y=1910.853 Z=1015.456) RuntimeGrid:None EditorOnly:0 RuntimeOnly:0 HLODRelevant:1 ListedInSceneOutliner:1 IsMainWorldOnly:0
 |   |   |- [+] [  1]
 |   |   |   |- Guid:05BE93EA4888578352057FB1EDF12D6C BaseClass: NativeClass:/Script/Engine.StaticMeshActor Name:StaticMeshActor_UAID_A8A1595BE53E32C001_2143339715 Label:tdcnfcdr_Var4_LOD0 SpatiallyLoaded:1 Bounds:IsValid=true, Min=(X=640.986 Y=1704.217 Z=-3.641), Max=(X=733.042 Y=1793.369 Z=148.983) RuntimeGrid:None EditorOnly:0 RuntimeOnly:0 HLODRelevant:1 ListedInSceneOutliner:1 IsMainWorldOnly:0
 |   |   |- [+] [  2]
 |   |   |   |- Guid:111E981645A0A6ED26737683B7CCF2EF BaseClass: NativeClass:/Script/Engine.StaticMeshActor Name:StaticMeshActor_UAID_A8A1595BE53E33C001_2144174918 Label:texcdfcda_LOD2 SpatiallyLoaded:1 Bounds:IsValid=true, Min=(X=4928.123 Y=2383.925 Z=47.267), Max=(X=5164.228 Y=2653.722 Z=216.359) RuntimeGrid:None EditorOnly:0 RuntimeOnly:0 HLODRelevant:1 ListedInSceneOutliner:1 IsMainWorldOnly:0
 |   |   |- [+] [  3]
 |   |   |   |- Guid:15FBA13C40CAC8D67C51BEB67B27D823 BaseClass: NativeClass:/Script/Engine.StaticMeshActor Name:StaticMeshActor_UAID_A8A1595BE53E32C001_2139885713 Label:tdcnfcdr_Var2_LOD0 SpatiallyLoaded:1 Bounds:IsValid=true, Min=(X=1527.130 Y=223.019 Z=-7.980), Max=(X=1668.146 Y=378.697 Z=126.148) RuntimeGrid:None EditorOnly:0 RuntimeOnly:0 HLODRelevant:1 ListedInSceneOutliner:1 IsMainWorldOnly:0
 |   |   |- [+] [  4]
 |   |   |   |- Guid:174DF71143EA367D14F3838C26CC06DF BaseClass: NativeClass:/Script/Engine.SkyLight Name:SkyLight_0 Label:SkyLight SpatiallyLoaded:0 Bounds:IsValid=true, Min=(X=0.000 Y=0.000 Z=690.000), Max=(X=0.000 Y=0.000 Z=690.000) RuntimeGrid:None EditorOnly:0 RuntimeOnly:0 HLODRelevant:0 ListedInSceneOutliner:1 IsMainWorldOnly:0 FolderPath:Lighting FolderGuid:08A10B054C95868C663DE39EE4343813
 |   |   |- [+] [  5]
 |   |   |   |- Guid:184C0AB3425D796A4DA5438C21720AA2 BaseClass: NativeClass:/Script/Engine.StaticMeshActor Name:StaticMeshActor_UAID_A8A1595BE53E33C001_1168224898 Label:texcdfcda_LOD0 SpatiallyLoaded:1 Bounds:IsValid=true, Min=(X=4767.899 Y=2185.990 Z=-43.001), Max=(X=5094.299 Y=2502.961 Z=193.866) RuntimeGrid:None EditorOnly:0 RuntimeOnly:0 HLODRelevant:1 ListedInSceneOutliner:1 IsMainWorldOnly:0
 |   |   |- [+] [  6]
 |   |   |   |- Guid:243A2084428544D88534E990D8BA5B83 BaseClass: NativeClass:/Script/Engine.StaticMeshActor Name:StaticMeshActor_38 Label:SM_Cube4 SpatiallyLoaded:1 Bounds:IsValid=true, Min=(X=1200.000 Y=1700.000 Z=0.000), Max=(X=1800.000 Y=2200.000 Z=200.000) RuntimeGrid:None EditorOnly:0 RuntimeOnly:0 HLODRelevant:1 ListedInSceneOutliner:1 IsMainWorldOnly:0 FolderPath:Block01 FolderGuid:98087B8444A89373CC4763B3845E270A
 |   |   |- [+] [  7]
 |   |   |   |- Guid:2642C46F4B46F2CCE4D9CD8D4CC4C8EE BaseClass: NativeClass:/Script/Engine.StaticMeshActor Name:StaticMeshActor_UAID_A8A1595BE53E33C001_1380933902 Label:tdcnfcdr_Var2_LOD1 SpatiallyLoaded:1 Bounds:IsValid=true, Min=(X=2014.337 Y=1493.660 Z=-7.980), Max=(X=2155.353 Y=1649.338 Z=126.148) RuntimeGrid:None EditorOnly:0 RuntimeOnly:0 HLODRelevant:1 ListedInSceneOutliner:1 IsMainWorldOnly:0
 |   |   |- [+] [  8]
 |   |   |   |- Guid:2B2C6F9A4156010E0821348D2766A804 BaseClass: NativeClass:/Script/Engine.StaticMeshActor Name:StaticMeshActor_UAID_A8A1595BE53E32C001_2144380716 Label:tdcnfcdr_Var5_LOD0 SpatiallyLoaded:1 Bounds:IsValid=true, Min=(X=981.464 Y=2266.449 Z=-2.057), Max=(X=1052.163 Y=2335.795 Z=48.510) RuntimeGrid:None EditorOnly:0 RuntimeOnly:0 HLODRelevant:1 ListedInSceneOutliner:1 IsMainWorldOnly:0
 |   |   |- [+] [  9]
 |   |   |   |- Guid:2E5C148241160B5E4A0504BB97EFF825 BaseClass: NativeClass:/Script/Engine.SkeletalMeshActor Name:SkeletalMeshActor_UAID_A8A1595BE53EE9BF01_1813370884 Label:SK_SawSword_PhysicsAsset SpatiallyLoaded:1 Bounds:IsValid=true, Min=(X=1370.000 Y=1850.000 Z=200.000), Max=(X=1370.000 Y=1850.000 Z=200.000) RuntimeGrid:None EditorOnly:0 RuntimeOnly:0 HLODRelevant:0 ListedInSceneOutliner:1 IsMainWorldOnly:0
 |   |   |- [+] [ 10]
 |   |   |   |- Guid:3371FAA54DDEC181BBDD93B0FD43CBC5 BaseClass: NativeClass:/Script/Engine.StaticMeshActor Name:StaticMeshActor_UAID_A8A1595BE53E33C001_1114229895 Label:slumj_LOD0 SpatiallyLoaded:1 Bounds:IsValid=true, Min=(X=3014.604 Y=692.343 Z=-2.835), Max=(X=3289.092 Y=972.957 Z=201.821) RuntimeGrid:None EditorOnly:0 RuntimeOnly:0 HLODRelevant:1 ListedInSceneOutliner:1 IsMainWorldOnly:0
 |   |   |- [+] [ 11]
 |   |   |   |- Guid:3711DB26407E74816AE0F5811A2A61EE BaseClass: NativeClass:/Script/Engine.SkeletalMeshActor Name:SkeletalMeshActor_UAID_A8A1595BE53E16C001_1156519785 Label:CR_Manny SpatiallyLoaded:1 Bounds:IsValid=true, Min=(X=1425.757 Y=1876.258 Z=199.921), Max=(X=1542.763 Y=1919.533 Z=380.918) RuntimeGrid:None EditorOnly:0 RuntimeOnly:0 HLODRelevant:0 ListedInSceneOutliner:1 IsMainWorldOnly:0
 |   |   |- [+] [ 12]
 |   |   |   |- Guid:3F05E489408938985B998EAC01AB7E6D BaseClass: NativeClass:/Script/Engine.StaticMeshActor Name:StaticMeshActor_UAID_A8A1595BE53E34C001_1090158095 Label:texcdfcda_LOD3 SpatiallyLoaded:1 Bounds:IsValid=true, Min=(X=4855.051 Y=2010.223 Z=-2.521), Max=(X=5008.051 Y=2165.454 Z=196.889) RuntimeGrid:None EditorOnly:0 RuntimeOnly:0 HLODRelevant:1 ListedInSceneOutliner:1 IsMainWorldOnly:0
 |   |   |- [+] [ 13]
 |   |   |   |- Guid:3FFE5115416F90AAF029A0B282B5889A BaseClass: NativeClass:/Script/Engine.StaticMeshActor Name:StaticMeshActor_UAID_A8A1595BE53E34C001_1351951096 Label:slumj_LOD1 SpatiallyLoaded:1 Bounds:IsValid=true, Min=(X=4663.790 Y=2407.125 Z=-9.082), Max=(X=4808.574 Y=2550.535 Z=162.564) RuntimeGrid:None EditorOnly:0 RuntimeOnly:0 HLODRelevant:1 ListedInSceneOutliner:1 IsMainWorldOnly:0
 |   |   |- [+] [ 14]
 |   |   |   |- Guid:47ED239A495F1C273460FDA17497B578 BaseClass: NativeClass:/Script/Engine.StaticMeshActor Name:StaticMeshActor_UAID_A8A1595BE53E33C001_1080152894 Label:tfvjabqpa_LOD0 SpatiallyLoaded:1 Bounds:IsValid=true, Min=(X=595.082 Y=108.283 Z=-5.106), Max=(X=823.300 Y=129.111 Z=98.627) RuntimeGrid:None EditorOnly:0 RuntimeOnly:0 HLODRelevant:1 ListedInSceneOutliner:1 IsMainWorldOnly:0
 |   |   |- [+] [ 15]
 |   |   |   |- Guid:4BDF73FA49544236E3DBFFA0A311DAC2 BaseClass: NativeClass:/Script/Engine.StaticMeshActor Name:StaticMeshActor_UAID_A8A1595BE53E33C001_2128175917 Label:texcdfcda_LOD1 SpatiallyLoaded:1 Bounds:IsValid=true, Min=(X=4827.473 Y=1983.039 Z=135.202), Max=(X=5113.073 Y=2309.138 Z=265.773) RuntimeGrid:None EditorOnly:0 RuntimeOnly:0 HLODRelevant:1 ListedInSceneOutliner:1 IsMainWorldOnly:0
 |   |   |- [+] [ 16]
 |   |   |   |- Guid:4F7B735A44E12B4B031927A9FC21C460 BaseClass: NativeClass:/Script/Engine.VolumetricCloud Name:VolumetricCloud_1 Label:VolumetricCloud SpatiallyLoaded:0 Bounds:IsValid=true, Min=(X=0.000 Y=0.000 Z=820.000), Max=(X=0.000 Y=0.000 Z=820.000) RuntimeGrid:None EditorOnly:0 RuntimeOnly:0 HLODRelevant:0 ListedInSceneOutliner:1 IsMainWorldOnly:0 FolderPath:Lighting FolderGuid:08A10B054C95868C663DE39EE4343813
 |   |   |- [+] [ 17]
 |   |   |   |- Guid:5C7C5C40408F48C386D06CA03AB130C2 BaseClass: NativeClass:/Script/Engine.StaticMeshActor Name:StaticMeshActor_UAID_A4AE111137DC5EFB00_1594956423 Label:SM_SkySphere SpatiallyLoaded:0 Bounds:IsValid=true, Min=(X=-1638400.000 Y=-1638400.000 Z=-1638400.000), Max=(X=1638400.000 Y=1638400.000 Z=1638400.000) RuntimeGrid:None EditorOnly:0 RuntimeOnly:0 HLODRelevant:1 ListedInSceneOutliner:1 IsMainWorldOnly:0 FolderPath:Lighting FolderGuid:08A10B054C95868C663DE39EE4343813
 |   |   |- [+] [ 18]
 |   |   |   |- Guid:6140047C4BD4E969CF4058A04ABD3302 BaseClass: NativeClass:/Script/Engine.SkeletalMeshActor Name:SkeletalMeshActor_UAID_A8A1595BE53EE9BF01_1813338883 Label:SK_SawSword SpatiallyLoaded:1 Bounds:IsValid=true, Min=(X=1370.000 Y=1850.000 Z=200.000), Max=(X=1370.000 Y=1850.000 Z=200.000) RuntimeGrid:None EditorOnly:0 RuntimeOnly:0 HLODRelevant:0 ListedInSceneOutliner:1 IsMainWorldOnly:0
 |   |   |- [+] [ 19]
 |   |   |   |- Guid:6F699A7441945B037D594291578B5D08 BaseClass: NativeClass:/Script/Engine.StaticMeshActor Name:StaticMeshActor_UAID_A8A1595BE53E33C001_1936231910 Label:tgdtfg0da_LOD2 SpatiallyLoaded:1 Bounds:IsValid=true, Min=(X=-2897.808 Y=-1378.040 Z=-77.623), Max=(X=717.757 Y=2448.618 Z=1874.689) RuntimeGrid:None EditorOnly:0 RuntimeOnly:0 HLODRelevant:1 ListedInSceneOutliner:1 IsMainWorldOnly:0
 |   |   |- [+] [ 20]
 |   |   |   |- Guid:6F86C30C4E283FDB9823329E24770EFB BaseClass: NativeClass:/Script/Engine.StaticMeshActor Name:StaticMeshActor_UAID_A8A1595BE53E33C001_1378989900 Label:tdcnfcdr_Var4_LOD1 SpatiallyLoaded:1 Bounds:IsValid=true, Min=(X=1406.077 Y=1203.130 Z=-3.641), Max=(X=1498.133 Y=1292.282 Z=148.983) RuntimeGrid:None EditorOnly:0 RuntimeOnly:0 HLODRelevant:1 ListedInSceneOutliner:1 IsMainWorldOnly:0
 |   |   |- [+] [ 21]
 |   |   |   |- Guid:70075CF240AE30F63ED01DA3071E06DB BaseClass: NativeClass:/Script/LevelSequence.LevelSequenceActor Name:LevelSequenceActor_UAID_A8A1595BE53E16C001_1156748786 Label:CR_Manny_Take1 SpatiallyLoaded:0 Bounds:IsValid=true, Min=(X=0.000 Y=0.000 Z=0.000), Max=(X=0.000 Y=0.000 Z=0.000) RuntimeGrid:None EditorOnly:0 RuntimeOnly:0 HLODRelevant:0 ListedInSceneOutliner:1 IsMainWorldOnly:0
 |   |   |- [+] [ 22]
 |   |   |   |- Guid:75C14EAB4126B29A886E0E9FA72A3DA9 BaseClass: NativeClass:/Script/Engine.StaticMeshActor Name:StaticMeshActor_UAID_A8A1595BE53E32C001_2134283712 Label:tdcnfcdr_Var1_LOD0 SpatiallyLoaded:1 Bounds:IsValid=true, Min=(X=995.315 Y=376.522 Z=-10.133), Max=(X=1182.261 Y=545.766 Z=153.115) RuntimeGrid:None EditorOnly:0 RuntimeOnly:0 HLODRelevant:1 ListedInSceneOutliner:1 IsMainWorldOnly:0
 |   |   |- [+] [ 23]
 |   |   |   |- Guid:788903924598EC8109F9709A8AB41C0D BaseClass: NativeClass:/Script/Engine.WorldDataLayers Name:WorldDataLayers Label:WorldDataLayers-1 SpatiallyLoaded:0 Bounds:IsValid=true, Min=(X=0.000 Y=0.000 Z=0.000), Max=(X=0.000 Y=0.000 Z=0.000) RuntimeGrid:None EditorOnly:0 RuntimeOnly:0 HLODRelevant:0 ListedInSceneOutliner:1 IsMainWorldOnly:1
 |   |   |- [+] [ 24]
 |   |   |   |- Guid:81BE4B3F4E611F77212F9E9C16371B47 BaseClass: NativeClass:/Script/Engine.StaticMeshActor Name:StaticMeshActor_UAID_A8A1595BE53E32C001_2141503714 Label:tdcnfcdr_Var3_LOD0 SpatiallyLoaded:1 Bounds:IsValid=true, Min=(X=2138.628 Y=491.691 Z=-5.917), Max=(X=2282.852 Y=635.959 Z=112.531) RuntimeGrid:None EditorOnly:0 RuntimeOnly:0 HLODRelevant:1 ListedInSceneOutliner:1 IsMainWorldOnly:0
 |   |   |- [+] [ 25]
 |   |   |   |- Guid:899F9536419E4C83D3B31D8093F352CE BaseClass: NativeClass:/Script/Engine.StaticMeshActor Name:StaticMeshActor_UAID_A8A1595BE53E33C001_1384301906 Label:tdcnfcdr_Var2_LOD2 SpatiallyLoaded:1 Bounds:IsValid=true, Min=(X=654.764 Y=706.525 Z=-7.981), Max=(X=795.780 Y=862.203 Z=126.148) RuntimeGrid:None EditorOnly:0 RuntimeOnly:0 HLODRelevant:1 ListedInSceneOutliner:1 IsMainWorldOnly:0
 |   |   |- [+] [ 26]
 |   |   |   |- Guid:8ED877F64A8BE39EB30424AC39309A20 BaseClass: NativeClass:/Script/Engine.StaticMeshActor Name:StaticMeshActor_UAID_A8A1595BE53E33C001_1382717904 Label:tdcnfcdr_Var5_LOD1 SpatiallyLoaded:1 Bounds:IsValid=true, Min=(X=1244.507 Y=857.321 Z=-2.057), Max=(X=1315.206 Y=926.666 Z=48.510) RuntimeGrid:None EditorOnly:0 RuntimeOnly:0 HLODRelevant:1 ListedInSceneOutliner:1 IsMainWorldOnly:0
 |   |   |- [+] [ 27]
 |   |   |   |- Guid:8FAC84C348A6EFC04601638BDADEABA5 BaseClass: NativeClass:/Script/Engine.StaticMeshActor Name:StaticMeshActor_UAID_A8A1595BE53E33C001_2020418913 Label:tgdtfg0da_LOD5 SpatiallyLoaded:1 Bounds:IsValid=true, Min=(X=-453.716 Y=3099.051 Z=-95.412), Max=(X=4521.948 Y=5544.808 Z=2304.305) RuntimeGrid:None EditorOnly:0 RuntimeOnly:0 HLODRelevant:1 ListedInSceneOutliner:1 IsMainWorldOnly:0
 |   |   |- [+] [ 28]
 |   |   |   |- Guid:9D1836F84CDCD9A6EA116B833292AF47 BaseClass: NativeClass:/Script/Engine.StaticMeshActor Name:StaticMeshActor_UAID_A8A1595BE53E33C001_1962501911 Label:tgdtfg0da_LOD3 SpatiallyLoaded:1 Bounds:IsValid=true, Min=(X=-3865.907 Y=-236.564 Z=-54.174), Max=(X=279.614 Y=4433.110 Z=1308.377) RuntimeGrid:None EditorOnly:0 RuntimeOnly:0 HLODRelevant:1 ListedInSceneOutliner:1 IsMainWorldOnly:0
 |   |   |- [+] [ 29]
 |   |   |   |- Guid:9FFE6665469AE829D82050A8B1F67178 BaseClass: NativeClass:/Script/Engine.DirectionalLight Name:DirectionalLight_1 Label:DirectionalLight SpatiallyLoaded:0 Bounds:IsValid=true, Min=(X=-1048576.000 Y=-1048576.000 Z=-1048576.000), Max=(X=1048576.000 Y=1048576.000 Z=1048576.000) RuntimeGrid:None EditorOnly:0 RuntimeOnly:0 HLODRelevant:0 ListedInSceneOutliner:1 IsMainWorldOnly:0 FolderPath:Lighting FolderGuid:08A10B054C95868C663DE39EE4343813
 |   |   |- [+] [ 30]
 |   |   |   |- Guid:A1D438654EF55FE0CE317AA2766C19CD BaseClass: NativeClass:/Script/Engine.StaticMeshActor Name:StaticMeshActor_UAID_A8A1595BE53E33C001_2037804914 Label:tgdtfg0da_LOD6 SpatiallyLoaded:1 Bounds:IsValid=true, Min=(X=2282.135 Y=2036.986 Z=-72.367), Max=(X=5967.520 Y=5247.840 Z=1747.757) RuntimeGrid:None EditorOnly:0 RuntimeOnly:0 HLODRelevant:1 ListedInSceneOutliner:1 IsMainWorldOnly:0
 |   |   |- [+] [ 31]
 |   |   |   |- Guid:A85A7AD046A0462D176E6889992C1216 BaseClass: NativeClass:/Script/Engine.PostProcessVolume Name:PostProcessVolume_0 Label:PostProcessVolume SpatiallyLoaded:0 Bounds:IsValid=true, Min=(X=0.000 Y=0.000 Z=400.000), Max=(X=200.000 Y=200.000 Z=600.000) RuntimeGrid:None EditorOnly:0 RuntimeOnly:0 HLODRelevant:0 ListedInSceneOutliner:1 IsMainWorldOnly:0 FolderPath:Lighting FolderGuid:08A10B054C95868C663DE39EE4343813
 |   |   |- [+] [ 32]
 |   |   |   |- Guid:AE058EC24EC5CC9C8C14F7ACDDB4B205 BaseClass: NativeClass:/Script/Engine.StaticMeshActor Name:StaticMeshActor_UAID_A8A1595BE53E32C001_2145979717 Label:tdcnfcdr_Var1_LOD1 SpatiallyLoaded:1 Bounds:IsValid=true, Min=(X=338.904 Y=431.010 Z=-10.133), Max=(X=525.850 Y=600.254 Z=153.115) RuntimeGrid:None EditorOnly:0 RuntimeOnly:0 HLODRelevant:1 ListedInSceneOutliner:1 IsMainWorldOnly:0
 |   |   |- [+] [ 33]
 |   |   |   |- Guid:AE3506C148E8E21696F506B84E140E92 BaseClass: NativeClass:/Script/Engine.StaticMeshActor Name:StaticMeshActor_UAID_A8A1595BE53E33C001_1381916903 Label:tdcnfcdr_Var3_LOD1 SpatiallyLoaded:1 Bounds:IsValid=true, Min=(X=2187.814 Y=1120.989 Z=-5.917), Max=(X=2332.038 Y=1265.256 Z=112.531) RuntimeGrid:None EditorOnly:0 RuntimeOnly:0 HLODRelevant:1 ListedInSceneOutliner:1 IsMainWorldOnly:0
 |   |   |- [+] [ 34]
 |   |   |   |- Guid:B23C247D4E34A96052E563A19E79FA75 BaseClass: NativeClass:/Script/Engine.ExponentialHeightFog Name:ExponentialHeightFog_1 Label:ExponentialHeightFog SpatiallyLoaded:0 Bounds:IsValid=true, Min=(X=-5600.000 Y=-50.000 Z=-6850.000), Max=(X=-5600.000 Y=-50.000 Z=-6850.000) RuntimeGrid:None EditorOnly:0 RuntimeOnly:0 HLODRelevant:0 ListedInSceneOutliner:1 IsMainWorldOnly:0 FolderPath:Lighting FolderGuid:08A10B054C95868C663DE39EE4343813
 |   |   |- [+] [ 35]
 |   |   |   |- Guid:B6792AC14EB8E5EB1766639CC4417529 BaseClass: NativeClass:/Script/Engine.StaticMeshActor Name:StaticMeshActor_UAID_A8A1595BE53E33C001_1383428905 Label:tdcnfcdr_Var1_LOD3 SpatiallyLoaded:1 Bounds:IsValid=true, Min=(X=538.042 Y=1266.616 Z=-10.133), Max=(X=724.988 Y=1435.859 Z=153.115) RuntimeGrid:None EditorOnly:0 RuntimeOnly:0 HLODRelevant:1 ListedInSceneOutliner:1 IsMainWorldOnly:0
 |   |   |- [+] [ 36]
 |   |   |   |- Guid:BD430F5245E33ECC56F7628FBABC5D84 BaseClass: NativeClass:/Script/Engine.StaticMeshActor Name:StaticMeshActor_33 Label:SM_Cube SpatiallyLoaded:1 Bounds:IsValid=true, Min=(X=-561.110 Y=0.000 Z=-50.000), Max=(X=5938.890 Y=4280.000 Z=0.000) RuntimeGrid:None EditorOnly:0 RuntimeOnly:0 HLODRelevant:1 ListedInSceneOutliner:1 IsMainWorldOnly:0 FolderPath:Playground FolderGuid:8CD33C9A4E75AD59B95486AC740693D6
 |   |   |- [+] [ 37]
 |   |   |   |- Guid:C71AA55B4B21D14666C2AFB00D13F4FD BaseClass: NativeClass:/Script/Engine.StaticMeshActor Name:StaticMeshActor_UAID_A8A1595BE53E33C001_2078131916 Label:tgdtfg0da_LOD8 SpatiallyLoaded:1 Bounds:IsValid=true, Min=(X=3817.936 Y=82.099 Z=-63.877), Max=(X=6205.676 Y=2449.645 Z=1542.713) RuntimeGrid:None EditorOnly:0 RuntimeOnly:0 HLODRelevant:1 ListedInSceneOutliner:1 IsMainWorldOnly:0
 |   |   |- [+] [ 38]
 |   |   |   |- Guid:C726A3284B806D4C379405885740B688 BaseClass: NativeClass:/Script/Engine.PlayerStart Name:PlayerStart_0 Label:PlayerStart SpatiallyLoaded:0 Bounds:IsValid=true, Min=(X=860.000 Y=1070.000 Z=0.013), Max=(X=940.000 Y=1150.000 Z=184.013) RuntimeGrid:None EditorOnly:0 RuntimeOnly:0 HLODRelevant:0 ListedInSceneOutliner:1 IsMainWorldOnly:0
 |   |   |- [+] [ 39]
 |   |   |   |- Guid:DEEAFA524D3B0F46118BE3866BD1B2A9 BaseClass: NativeClass:/Script/Engine.StaticMeshActor Name:StaticMeshActor_UAID_A8A1595BE53E33C001_2007359912 Label:tgdtfg0da_LOD4 SpatiallyLoaded:1 Bounds:IsValid=true, Min=(X=-3673.557 Y=1222.462 Z=-54.174), Max=(X=2569.779 Y=7432.325 Z=1308.377) RuntimeGrid:None EditorOnly:0 RuntimeOnly:0 HLODRelevant:1 ListedInSceneOutliner:1 IsMainWorldOnly:0
 |   |   |- [+] [ 40]
 |   |   |   |- Guid:DEF0F112427B2AFB819D2FAB5CCCAE7A BaseClass: NativeClass:/Script/Engine.StaticMeshActor Name:StaticMeshActor_UAID_A8A1595BE53E33C001_1171692899 Label:tgdtfg0da_LOD0 SpatiallyLoaded:1 Bounds:IsValid=true, Min=(X=1068.052 Y=-1690.697 Z=-49.727), Max=(X=4645.052 Y=550.005 Z=1200.972) RuntimeGrid:None EditorOnly:0 RuntimeOnly:0 HLODRelevant:1 ListedInSceneOutliner:1 IsMainWorldOnly:0
 |   |   |- [+] [ 41]
 |   |   |   |- Guid:E7C88B004DFFF4BE08155AB223A0EF2C BaseClass: NativeClass:/Script/Engine.SkyAtmosphere Name:SkyAtmosphere_1 Label:SkyAtmosphere SpatiallyLoaded:0 Bounds:IsValid=true, Min=(X=0.000 Y=0.000 Z=1020.000), Max=(X=0.000 Y=0.000 Z=1020.000) RuntimeGrid:None EditorOnly:0 RuntimeOnly:0 HLODRelevant:0 ListedInSceneOutliner:1 IsMainWorldOnly:0 FolderPath:Lighting FolderGuid:08A10B054C95868C663DE39EE4343813
 |   |   |- [+] [ 42]
 |   |   |   |- Guid:FED7BE8340003B6E227DF48D67A932C3 BaseClass: NativeClass:/Script/Engine.StaticMeshActor Name:StaticMeshActor_UAID_A8A1595BE53E33C001_1380099901 Label:tdcnfcdr_Var1_LOD2 SpatiallyLoaded:1 Bounds:IsValid=true, Min=(X=1737.811 Y=826.876 Z=-10.133), Max=(X=1924.757 Y=996.120 Z=153.115) RuntimeGrid:None EditorOnly:0 RuntimeOnly:0 HLODRelevant:1 ListedInSceneOutliner:1 IsMainWorldOnly:0
 |   |   |- [+] [ 43]
 |   |   |   |- Guid:FFCA331744BAD912BF52ECA5606F35CC BaseClass: NativeClass:/Script/Engine.StaticMeshActor Name:StaticMeshActor_UAID_A8A1595BE53E33C001_1926618909 Label:tgdtfg0da_LOD1 SpatiallyLoaded:1 Bounds:IsValid=true, Min=(X=-2330.775 Y=-2453.253 Z=-77.623), Max=(X=3341.205 Y=818.622 Z=1874.689) RuntimeGrid:None EditorOnly:0 RuntimeOnly:0 HLODRelevant:1 ListedInSceneOutliner:1 IsMainWorldOnly:0
 |- ContainerInstances:
 |- [+] MainContainer:
 |   |-        ID: 00000000000000000000000000000000
 |   |-  ParentID: 00000000000000000000000000000000
 |   |-    Bounds: IsValid=false, Min=(X=0.000 Y=0.000 Z=0.000), Max=(X=0.000 Y=0.000 Z=0.000)
 |   |- Transform: 0.000000,0.000000,0.000000|0.000000,0.000000,-0.000000|1.000000,1.000000,1.000000
 |   |- Container: /Game/ThirdPerson/Maps/ThirdPersonMap
----------------------------------------------------------------------------------------------------------------
ThirdPersonMap - Persistent Level
----------------------------------------------------------------------------------------------------------------
[+] Content of ThirdPersonMap Persistent Level
 |- Always loaded Actor Count: 51 
 |- Actor Path: /Game/ThirdPerson/Maps/ThirdPersonMap.ThirdPersonMap:PersistentLevel.AbstractNavData-Default
 |- Actor Package: /Game/ThirdPerson/Maps/ThirdPersonMap
 |- Actor Path: /Game/ThirdPerson/Maps/ThirdPersonMap.ThirdPersonMap:PersistentLevel.Brush_0
 |- Actor Package: /Game/ThirdPerson/Maps/ThirdPersonMap
 |- Actor Path: /Game/ThirdPerson/Maps/ThirdPersonMap.ThirdPersonMap:PersistentLevel.DefaultPhysicsVolume_0
 |- Actor Package: /Game/ThirdPerson/Maps/ThirdPersonMap
 |- Actor Path: /Game/ThirdPerson/Maps/ThirdPersonMap.ThirdPersonMap:PersistentLevel.DirectionalLight_1
 |- Actor Package: /Game/__ExternalActors__/ThirdPerson/Maps/ThirdPersonMap/1/EJ/PGUWWHRTS59S34GKBX0OUI
 |- Actor Path: /Game/ThirdPerson/Maps/ThirdPersonMap.ThirdPersonMap:PersistentLevel.ExponentialHeightFog_1
 |- Actor Package: /Game/__ExternalActors__/ThirdPerson/Maps/ThirdPersonMap/B/KW/9YH18EUCJFK5CZXL6H3W3R
 |- Actor Path: /Game/ThirdPerson/Maps/ThirdPersonMap.ThirdPersonMap:PersistentLevel.GameplayDebuggerPlayerManager_0
 |- Actor Package: /Game/ThirdPerson/Maps/ThirdPersonMap
 |- Actor Path: /Game/ThirdPerson/Maps/ThirdPersonMap.ThirdPersonMap:PersistentLevel.LevelSequenceActor_UAID_A8A1595BE53E16C001_1156748786
 |- Actor Package: /Game/__ExternalActors__/ThirdPerson/Maps/ThirdPersonMap/3/G2/1JN3QWUH9QNBWI57F7XZOL
 |- Actor Path: /Game/ThirdPerson/Maps/ThirdPersonMap.ThirdPersonMap:PersistentLevel.PlayerStart_0
 |- Actor Package: /Game/__ExternalActors__/ThirdPerson/Maps/ThirdPersonMap/D/DE/SWSI13675DVYIZ0N4NF7Y3
 |- Actor Path: /Game/ThirdPerson/Maps/ThirdPersonMap.ThirdPersonMap:PersistentLevel.PostProcessVolume_0
 |- Actor Package: /Game/__ExternalActors__/ThirdPerson/Maps/ThirdPersonMap/1/AZ/A7GPT109Y6ZTTJD4A7TXER
 |- Actor Path: /Game/ThirdPerson/Maps/ThirdPersonMap.ThirdPersonMap:PersistentLevel.SkeletalMeshActor_UAID_A8A1595BE53E16C001_1156519785
 |- Actor Package: /Game/__ExternalActors__/ThirdPerson/Maps/ThirdPersonMap/C/3P/IPQ2WG6TBA5IACCYT4AZQS
 |- Actor Path: /Game/ThirdPerson/Maps/ThirdPersonMap.ThirdPersonMap:PersistentLevel.SkeletalMeshActor_UAID_A8A1595BE53EE9BF01_1813338883
 |- Actor Package: /Game/__ExternalActors__/ThirdPerson/Maps/ThirdPersonMap/1/UY/DY0047G73LT40FJ7U8X287
 |- Actor Path: /Game/ThirdPerson/Maps/ThirdPersonMap.ThirdPersonMap:PersistentLevel.SkeletalMeshActor_UAID_A8A1595BE53EE9BF01_1813370884
 |- Actor Package: /Game/__ExternalActors__/ThirdPerson/Maps/ThirdPersonMap/0/D0/AAS7E7JU5I8POQ7LG16GNA
 |- Actor Path: /Game/ThirdPerson/Maps/ThirdPersonMap.ThirdPersonMap:PersistentLevel.SkyAtmosphere_1
 |- Actor Package: /Game/__ExternalActors__/ThirdPerson/Maps/ThirdPersonMap/8/H9/GITN2HJQNERMM41FAE68W0
 |- Actor Path: /Game/ThirdPerson/Maps/ThirdPersonMap.ThirdPersonMap:PersistentLevel.SkyLight_0
 |- Actor Package: /Game/__ExternalActors__/ThirdPerson/Maps/ThirdPersonMap/6/NP/Z9EK2TXQ1TFO26WFZHWZII
 |- Actor Path: /Game/ThirdPerson/Maps/ThirdPersonMap.ThirdPersonMap:PersistentLevel.StaticMeshActor_33
 |- Actor Package: /Game/__ExternalActors__/ThirdPerson/Maps/ThirdPersonMap/6/HF/9H7TKAXH9DD8KI3TIXGI2I
 |- Actor Path: /Game/ThirdPerson/Maps/ThirdPersonMap.ThirdPersonMap:PersistentLevel.StaticMeshActor_38
 |- Actor Package: /Game/__ExternalActors__/ThirdPerson/Maps/ThirdPersonMap/0/SX/SKO7AH9HKZVPN4OMFO4DV3
 |- Actor Path: /Game/ThirdPerson/Maps/ThirdPersonMap.ThirdPersonMap:PersistentLevel.StaticMeshActor_UAID_A4AE111137DC5EFB00_1594956423
 |- Actor Package: /Game/__ExternalActors__/ThirdPerson/Maps/ThirdPersonMap/3/OG/KDQDMXAXZXD8VLDDU4K3JL
 |- Actor Path: /Game/ThirdPerson/Maps/ThirdPersonMap.ThirdPersonMap:PersistentLevel.StaticMeshActor_UAID_A8A1595BE53E32C001_2134283712
 |- Actor Package: /Game/__ExternalActors__/ThirdPerson/Maps/ThirdPersonMap/1/SH/QGYY8YJWCE0HPL6SDOZ4DP
 |- Actor Path: /Game/ThirdPerson/Maps/ThirdPersonMap.ThirdPersonMap:PersistentLevel.StaticMeshActor_UAID_A8A1595BE53E32C001_2139885713
 |- Actor Package: /Game/__ExternalActors__/ThirdPerson/Maps/ThirdPersonMap/D/IM/6F74HCVFNQ3A868Y74HAS2
 |- Actor Path: /Game/ThirdPerson/Maps/ThirdPersonMap.ThirdPersonMap:PersistentLevel.StaticMeshActor_UAID_A8A1595BE53E32C001_2141503714
 |- Actor Package: /Game/__ExternalActors__/ThirdPerson/Maps/ThirdPersonMap/D/H5/R1JMW4LWZILI1Z5XNE3DG6
 |- Actor Path: /Game/ThirdPerson/Maps/ThirdPersonMap.ThirdPersonMap:PersistentLevel.StaticMeshActor_UAID_A8A1595BE53E32C001_2143339715
 |- Actor Package: /Game/__ExternalActors__/ThirdPerson/Maps/ThirdPersonMap/B/AR/0YZ4J88YGK85MEX6V2JGR1
 |- Actor Path: /Game/ThirdPerson/Maps/ThirdPersonMap.ThirdPersonMap:PersistentLevel.StaticMeshActor_UAID_A8A1595BE53E32C001_2144380716
 |- Actor Package: /Game/__ExternalActors__/ThirdPerson/Maps/ThirdPersonMap/E/C7/S4O8MU65RPFLPO85G77F7V
 |- Actor Path: /Game/ThirdPerson/Maps/ThirdPersonMap.ThirdPersonMap:PersistentLevel.StaticMeshActor_UAID_A8A1595BE53E32C001_2145979717
 |- Actor Package: /Game/__ExternalActors__/ThirdPerson/Maps/ThirdPersonMap/5/NT/GJKRR5MYPU3GHT96JMAJVB
 |- Actor Path: /Game/ThirdPerson/Maps/ThirdPersonMap.ThirdPersonMap:PersistentLevel.StaticMeshActor_UAID_A8A1595BE53E33C001_1080152894
 |- Actor Package: /Game/__ExternalActors__/ThirdPerson/Maps/ThirdPersonMap/2/6S/9CX8LLHVA15A9NZKU1DMQG
 |- Actor Path: /Game/ThirdPerson/Maps/ThirdPersonMap.ThirdPersonMap:PersistentLevel.StaticMeshActor_UAID_A8A1595BE53E33C001_1114229895
 |- Actor Package: /Game/__ExternalActors__/ThirdPerson/Maps/ThirdPersonMap/A/ME/JJ5BVUVWT6AXG3V8ASLL4C
 |- Actor Path: /Game/ThirdPerson/Maps/ThirdPersonMap.ThirdPersonMap:PersistentLevel.StaticMeshActor_UAID_A8A1595BE53E33C001_1168224898
 |- Actor Package: /Game/__ExternalActors__/ThirdPerson/Maps/ThirdPersonMap/0/VB/3C3ADLAGCEZEDMBKKTH3QS
 |- Actor Path: /Game/ThirdPerson/Maps/ThirdPersonMap.ThirdPersonMap:PersistentLevel.StaticMeshActor_UAID_A8A1595BE53E33C001_1171692899
 |- Actor Package: /Game/__ExternalActors__/ThirdPerson/Maps/ThirdPersonMap/C/M2/RO4EA1VLU79Q1WHUB3E7DT
 |- Actor Path: /Game/ThirdPerson/Maps/ThirdPersonMap.ThirdPersonMap:PersistentLevel.StaticMeshActor_UAID_A8A1595BE53E33C001_1378989900
 |- Actor Package: /Game/__ExternalActors__/ThirdPerson/Maps/ThirdPersonMap/9/B0/V3Q2EABC2T2WF5T7C20RFS
 |- Actor Path: /Game/ThirdPerson/Maps/ThirdPersonMap.ThirdPersonMap:PersistentLevel.StaticMeshActor_UAID_A8A1595BE53E33C001_1380099901
 |- Actor Package: /Game/__ExternalActors__/ThirdPerson/Maps/ThirdPersonMap/7/RU/PYSGY311RTAVK9IBCTW21F
 |- Actor Path: /Game/ThirdPerson/Maps/ThirdPersonMap.ThirdPersonMap:PersistentLevel.StaticMeshActor_UAID_A8A1595BE53E33C001_1380933902
 |- Actor Package: /Game/__ExternalActors__/ThirdPerson/Maps/ThirdPersonMap/E/2O/EKHWN9GYMW4PGOULKMHVL5
 |- Actor Path: /Game/ThirdPerson/Maps/ThirdPersonMap.ThirdPersonMap:PersistentLevel.StaticMeshActor_UAID_A8A1595BE53E33C001_1381916903
 |- Actor Package: /Game/__ExternalActors__/ThirdPerson/Maps/ThirdPersonMap/5/TL/3D4GZNNRPTR77DCHD8VTH0
 |- Actor Path: /Game/ThirdPerson/Maps/ThirdPersonMap.ThirdPersonMap:PersistentLevel.StaticMeshActor_UAID_A8A1595BE53E33C001_1382717904
 |- Actor Package: /Game/__ExternalActors__/ThirdPerson/Maps/ThirdPersonMap/3/2H/KM1DIWQS5XSQTTJ5K9KFW0
 |- Actor Path: /Game/ThirdPerson/Maps/ThirdPersonMap.ThirdPersonMap:PersistentLevel.StaticMeshActor_UAID_A8A1595BE53E33C001_1383428905
 |- Actor Package: /Game/__ExternalActors__/ThirdPerson/Maps/ThirdPersonMap/0/73/Z66498YGQ9NSPLF4WXM0FH
 |- Actor Path: /Game/ThirdPerson/Maps/ThirdPersonMap.ThirdPersonMap:PersistentLevel.StaticMeshActor_UAID_A8A1595BE53E33C001_1384301906
 |- Actor Package: /Game/__ExternalActors__/ThirdPerson/Maps/ThirdPersonMap/6/9E/HBW6IB1SI7RU8E1WAX1KDA
 |- Actor Path: /Game/ThirdPerson/Maps/ThirdPersonMap.ThirdPersonMap:PersistentLevel.StaticMeshActor_UAID_A8A1595BE53E33C001_1926618909
 |- Actor Package: /Game/__ExternalActors__/ThirdPerson/Maps/ThirdPersonMap/2/7D/QJIUCGVQLUYHVWCP0G707C
 |- Actor Path: /Game/ThirdPerson/Maps/ThirdPersonMap.ThirdPersonMap:PersistentLevel.StaticMeshActor_UAID_A8A1595BE53E33C001_1936231910
 |- Actor Package: /Game/__ExternalActors__/ThirdPerson/Maps/ThirdPersonMap/D/CY/IKBWC8WFXTBGTMI8052VCL
 |- Actor Path: /Game/ThirdPerson/Maps/ThirdPersonMap.ThirdPersonMap:PersistentLevel.StaticMeshActor_UAID_A8A1595BE53E33C001_1962501911
 |- Actor Package: /Game/__ExternalActors__/ThirdPerson/Maps/ThirdPersonMap/C/IT/2QNBEE4PPWMU0FMV9Q7PE3
 |- Actor Path: /Game/ThirdPerson/Maps/ThirdPersonMap.ThirdPersonMap:PersistentLevel.StaticMeshActor_UAID_A8A1595BE53E33C001_2007359912
 |- Actor Package: /Game/__ExternalActors__/ThirdPerson/Maps/ThirdPersonMap/6/QP/3Q2940J0SI55DVTNL2SUBO
 |- Actor Path: /Game/ThirdPerson/Maps/ThirdPersonMap.ThirdPersonMap:PersistentLevel.StaticMeshActor_UAID_A8A1595BE53E33C001_2020418913
 |- Actor Package: /Game/__ExternalActors__/ThirdPerson/Maps/ThirdPersonMap/1/ZX/GYZNU94HERF9GCQIDIT20T
 |- Actor Path: /Game/ThirdPerson/Maps/ThirdPersonMap.ThirdPersonMap:PersistentLevel.StaticMeshActor_UAID_A8A1595BE53E33C001_2037804914
 |- Actor Package: /Game/__ExternalActors__/ThirdPerson/Maps/ThirdPersonMap/9/UW/OOO3T8U425M7RL6PX94YU7
 |- Actor Path: /Game/ThirdPerson/Maps/ThirdPersonMap.ThirdPersonMap:PersistentLevel.StaticMeshActor_UAID_A8A1595BE53E33C001_2052354915
 |- Actor Package: /Game/__ExternalActors__/ThirdPerson/Maps/ThirdPersonMap/2/PI/0256KO7UWSHMBTZ8MUKKCG
 |- Actor Path: /Game/ThirdPerson/Maps/ThirdPersonMap.ThirdPersonMap:PersistentLevel.StaticMeshActor_UAID_A8A1595BE53E33C001_2078131916
 |- Actor Package: /Game/__ExternalActors__/ThirdPerson/Maps/ThirdPersonMap/3/ZI/ZPAC5BK2KF8NUZLRT0SUIW
 |- Actor Path: /Game/ThirdPerson/Maps/ThirdPersonMap.ThirdPersonMap:PersistentLevel.StaticMeshActor_UAID_A8A1595BE53E33C001_2128175917
 |- Actor Package: /Game/__ExternalActors__/ThirdPerson/Maps/ThirdPersonMap/1/TV/3OHIIR6A5EPTK1GAAMWHJ1
 |- Actor Path: /Game/ThirdPerson/Maps/ThirdPersonMap.ThirdPersonMap:PersistentLevel.StaticMeshActor_UAID_A8A1595BE53E33C001_2144174918
 |- Actor Package: /Game/__ExternalActors__/ThirdPerson/Maps/ThirdPersonMap/B/PG/FKF3AV6TJLSPQDWAKPYO8K
 |- Actor Path: /Game/ThirdPerson/Maps/ThirdPersonMap.ThirdPersonMap:PersistentLevel.StaticMeshActor_UAID_A8A1595BE53E34C001_1090158095
 |- Actor Package: /Game/__ExternalActors__/ThirdPerson/Maps/ThirdPersonMap/0/J3/HNXMN7BHMG082LUS8FEUDQ
 |- Actor Path: /Game/ThirdPerson/Maps/ThirdPersonMap.ThirdPersonMap:PersistentLevel.StaticMeshActor_UAID_A8A1595BE53E34C001_1351951096
 |- Actor Package: /Game/__ExternalActors__/ThirdPerson/Maps/ThirdPersonMap/5/FA/GFZV98RTJR7YS9VI4DSTTZ
 |- Actor Path: /Game/ThirdPerson/Maps/ThirdPersonMap.ThirdPersonMap:PersistentLevel.ThirdPersonExampleMap_C_0
 |- Actor Package: /Game/ThirdPerson/Maps/ThirdPersonMap
 |- Actor Path: /Game/ThirdPerson/Maps/ThirdPersonMap.ThirdPersonMap:PersistentLevel.VolumetricCloud_1
 |- Actor Package: /Game/__ExternalActors__/ThirdPerson/Maps/ThirdPersonMap/2/66/0OP5U85W4H0R7CHG999ZDN
 |- Actor Path: /Game/ThirdPerson/Maps/ThirdPersonMap.ThirdPersonMap:PersistentLevel.WorldDataLayers
 |- Actor Package: /Game/__ExternalActors__/ThirdPerson/Maps/ThirdPersonMap/0/43/HYQWORMY4JDQ5X3OKZXFLC
 |- Actor Path: /Game/ThirdPerson/Maps/ThirdPersonMap.ThirdPersonMap:PersistentLevel.WorldInfo_0
 |- Actor Package: /Game/ThirdPerson/Maps/ThirdPersonMap
 |- Actor Path: /Game/ThirdPerson/Maps/ThirdPersonMap.ThirdPersonMap:PersistentLevel.WorldPartitionMiniMap_0
 |- Actor Package: /Game/__ExternalActors__/ThirdPerson/Maps/ThirdPersonMap/E/FR/LBG6LPN5JCL3FMVSI2CK6R

----------------------------------------------------------------------------------------------------------------
ThirdPersonMap - Runtime Spatial Hash - Streaming Grid - MainGrid
----------------------------------------------------------------------------------------------------------------
            Origin: X=0.000 Y=0.000 Z=0.000
         Cell Size: 12800
      World Bounds: IsValid=false, Min=(X=0.000 Y=0.000 Z=0.000), Max=(X=0.000 Y=0.000 Z=0.000)
     Loading Range: 25600.00
Block Slow Loading: No
 ClientOnlyVisible: No
            Origin: X=0.000 Y=0.000 Z=0.000

[+] Grid Levels: 1
 |- Level  0: Cell Count    0 | Cell Size   12800 | Actor Count    0 (0.0%)

[+] Content of Grid Level 0

